<?xml version="1.0" encoding="UTF-8"?>
<testng-results skipped="0" failed="1" ignored="0" total="2" passed="1">
  <reporter-output>
  </reporter-output>
  <suite name="s1" duration-ms="20816" started-at="2019-12-03T07:17:14Z" finished-at="2019-12-03T07:17:35Z">
    <groups>
    </groups>
    <test name="test1" duration-ms="20816" started-at="2019-12-03T07:17:14Z" finished-at="2019-12-03T07:17:35Z">
      <class name="com.edu.mayinxiang.test1_zhuangtai">
        <test-method status="PASS" signature="doBeforeClass()[pri:0, instance:com.edu.mayinxiang.test1_zhuangtai@59fa1d9b]" name="doBeforeClass" is-config="true" duration-ms="6509" started-at="2019-12-03T07:17:14Z" finished-at="2019-12-03T07:17:21Z">
          <reporter-output>
          </reporter-output>
        </test-method> <!-- doBeforeClass -->
        <test-method status="PASS" signature="testLogin()[pri:0, instance:com.edu.mayinxiang.test1_zhuangtai@59fa1d9b]" name="testLogin" duration-ms="7325" started-at="2019-12-03T07:17:21Z" description="鍚庡彴鐧诲綍" finished-at="2019-12-03T07:17:28Z">
          <reporter-output>
          </reporter-output>
        </test-method> <!-- testLogin -->
        <test-method status="FAIL" signature="test123()[pri:0, instance:com.edu.mayinxiang.test1_zhuangtai@59fa1d9b]" name="test123" duration-ms="6959" started-at="2019-12-03T07:17:28Z" finished-at="2019-12-03T07:17:35Z">
          <exception class="java.lang.AssertionError">
            <message>
              <![CDATA[expected [true] but found [false]]]>
            </message>
            <full-stacktrace>
              <![CDATA[java.lang.AssertionError: expected [true] but found [false]
at org.testng.Assert.fail(Assert.java:96)
at org.testng.Assert.failNotEquals(Assert.java:776)
at org.testng.Assert.assertTrue(Assert.java:44)
at org.testng.Assert.assertTrue(Assert.java:54)
at com.edu.mayinxiang.test1_zhuangtai.test123(test1_zhuangtai.java:21)
at sun.reflect.NativeMethodAccessorImpl.invoke0(Native Method)
at sun.reflect.NativeMethodAccessorImpl.invoke(NativeMethodAccessorImpl.java:62)
at sun.reflect.DelegatingMethodAccessorImpl.invoke(DelegatingMethodAccessorImpl.java:43)
at java.lang.reflect.Method.invoke(Method.java:498)
at org.testng.internal.MethodInvocationHelper.invokeMethod(MethodInvocationHelper.java:124)
at org.testng.internal.Invoker.invokeMethod(Invoker.java:583)
at org.testng.internal.Invoker.invokeTestMethod(Invoker.java:719)
at org.testng.internal.Invoker.invokeTestMethods(Invoker.java:989)
at org.testng.internal.TestMethodWorker.invokeTestMethods(TestMethodWorker.java:125)
at org.testng.internal.TestMethodWorker.run(TestMethodWorker.java:109)
at org.testng.TestRunner.privateRun(TestRunner.java:648)
at org.testng.TestRunner.run(TestRunner.java:505)
at org.testng.SuiteRunner.runTest(SuiteRunner.java:455)
at org.testng.SuiteRunner.runSequentially(SuiteRunner.java:450)
at org.testng.SuiteRunner.privateRun(SuiteRunner.java:415)
at org.testng.SuiteRunner.run(SuiteRunner.java:364)
at org.testng.SuiteRunnerWorker.runSuite(SuiteRunnerWorker.java:52)
at org.testng.SuiteRunnerWorker.run(SuiteRunnerWorker.java:84)
at org.testng.TestNG.runSuitesSequentially(TestNG.java:1208)
at org.testng.TestNG.runSuitesLocally(TestNG.java:1137)
at org.testng.TestNG.runSuites(TestNG.java:1049)
at org.testng.TestNG.run(TestNG.java:1017)
at org.testng.remote.AbstractRemoteTestNG.run(AbstractRemoteTestNG.java:115)
at org.testng.remote.RemoteTestNG.initAndRun(RemoteTestNG.java:251)
at org.testng.remote.RemoteTestNG.main(RemoteTestNG.java:77)
]]>
            </full-stacktrace>
          </exception> <!-- java.lang.AssertionError -->
          <reporter-output>
          </reporter-output>
        </test-method> <!-- test123 -->
        <test-method status="PASS" signature="doAfterMethod()[pri:0, instance:com.edu.mayinxiang.test1_zhuangtai@59fa1d9b]" name="doAfterMethod" is-config="true" duration-ms="1632" started-at="2019-12-03T07:17:55Z" finished-at="2019-12-03T07:17:57Z">
          <reporter-output>
          </reporter-output>
        </test-method> <!-- doAfterMethod -->
      </class> <!-- com.edu.mayinxiang.test1_zhuangtai -->
    </test> <!-- test1 -->
  </suite> <!-- s1 -->
</testng-results>
