<?xml version="1.0" encoding="UTF-8"?>
<!-- Generated by org.testng.reporters.JUnitXMLReporter -->
<testsuite ignored="0" hostname="DESKTOP-0SFLTPR" failures="1" tests="9" name="Default test" time="0.624" errors="0" timestamp="12 11æœˆ 2019 07:32:02 GMT">
  <testcase classname="com.webtest.core.BaseTest" name="@BeforeClass doBeforeClass" time="0.005">
    <failure type="java.lang.IllegalStateException" message="Specified firefox binary location does not exist or is not a real file: D:\ruanjian\firefox-latest.exe">
      <![CDATA[java.lang.IllegalStateException: Specified firefox binary location does not exist or is not a real file: D:\ruanjian\firefox-latest.exe
at com.google.common.base.Preconditions.checkState(Preconditions.java:504)
at org.openqa.selenium.firefox.Executable.<init>(Executable.java:43)
at org.openqa.selenium.firefox.FirefoxBinary.<init>(FirefoxBinary.java:123)
at org.openqa.selenium.firefox.FirefoxOptions$Binary.asBinary(FirefoxOptions.java:420)
at java.base/java.util.Optional.map(Optional.java:254)
at org.openqa.selenium.firefox.FirefoxOptions.getBinaryOrNull(FirefoxOptions.java:220)
at org.openqa.selenium.firefox.FirefoxOptions.getBinary(FirefoxOptions.java:216)
at org.openqa.selenium.firefox.FirefoxDriver.toExecutor(FirefoxDriver.java:187)
at org.openqa.selenium.firefox.FirefoxDriver.<init>(FirefoxDriver.java:147)
at org.openqa.selenium.firefox.FirefoxDriver.<init>(FirefoxDriver.java:125)
at com.webtest.core.BaseTest.newWebDriver(BaseTest.java:48)
at com.webtest.core.BaseTest.doBeforeClass(BaseTest.java:79)
at java.base/jdk.internal.reflect.NativeMethodAccessorImpl.invoke0(Native Method)
at java.base/jdk.internal.reflect.NativeMethodAccessorImpl.invoke(NativeMethodAccessorImpl.java:62)
at java.base/jdk.internal.reflect.DelegatingMethodAccessorImpl.invoke(DelegatingMethodAccessorImpl.java:43)
at java.base/java.lang.reflect.Method.invoke(Method.java:564)
at org.testng.internal.MethodInvocationHelper.invokeMethod(MethodInvocationHelper.java:124)
at org.testng.internal.MethodInvocationHelper.invokeMethodConsideringTimeout(MethodInvocationHelper.java:59)
at org.testng.internal.Invoker.invokeConfigurationMethod(Invoker.java:458)
at org.testng.internal.Invoker.invokeConfigurations(Invoker.java:222)
at org.testng.internal.Invoker.invokeConfigurations(Invoker.java:142)
at org.testng.internal.TestMethodWorker.invokeBeforeClassMethods(TestMethodWorker.java:168)
at org.testng.internal.TestMethodWorker.run(TestMethodWorker.java:105)
at org.testng.TestRunner.privateRun(TestRunner.java:648)
at org.testng.TestRunner.run(TestRunner.java:505)
at org.testng.SuiteRunner.runTest(SuiteRunner.java:455)
at org.testng.SuiteRunner.runSequentially(SuiteRunner.java:450)
at org.testng.SuiteRunner.privateRun(SuiteRunner.java:415)
at org.testng.SuiteRunner.run(SuiteRunner.java:364)
at org.testng.SuiteRunnerWorker.runSuite(SuiteRunnerWorker.java:52)
at org.testng.SuiteRunnerWorker.run(SuiteRunnerWorker.java:84)
at org.testng.TestNG.runSuitesSequentially(TestNG.java:1208)
at org.testng.TestNG.runSuitesLocally(TestNG.java:1137)
at org.testng.TestNG.runSuites(TestNG.java:1049)
at org.testng.TestNG.run(TestNG.java:1017)
at org.testng.remote.AbstractRemoteTestNG.run(AbstractRemoteTestNG.java:115)
at org.testng.remote.RemoteTestNG.initAndRun(RemoteTestNG.java:251)
at org.testng.remote.RemoteTestNG.main(RemoteTestNG.java:77)
]]>
    </failure>
  </testcase> <!-- @BeforeClass doBeforeClass -->
  <testcase classname="com.webtest.core.BaseTest" name="@BeforeClass doBeforeClass" time="0.006">
    <failure type="java.lang.IllegalStateException" message="Specified firefox binary location does not exist or is not a real file: D:\ruanjian\firefox-latest.exe">
      <![CDATA[java.lang.IllegalStateException: Specified firefox binary location does not exist or is not a real file: D:\ruanjian\firefox-latest.exe
at com.google.common.base.Preconditions.checkState(Preconditions.java:504)
at org.openqa.selenium.firefox.Executable.<init>(Executable.java:43)
at org.openqa.selenium.firefox.FirefoxBinary.<init>(FirefoxBinary.java:123)
at org.openqa.selenium.firefox.FirefoxOptions$Binary.asBinary(FirefoxOptions.java:420)
at java.base/java.util.Optional.map(Optional.java:254)
at org.openqa.selenium.firefox.FirefoxOptions.getBinaryOrNull(FirefoxOptions.java:220)
at org.openqa.selenium.firefox.FirefoxOptions.getBinary(FirefoxOptions.java:216)
at org.openqa.selenium.firefox.FirefoxDriver.toExecutor(FirefoxDriver.java:187)
at org.openqa.selenium.firefox.FirefoxDriver.<init>(FirefoxDriver.java:147)
at org.openqa.selenium.firefox.FirefoxDriver.<init>(FirefoxDriver.java:125)
at com.webtest.core.BaseTest.newWebDriver(BaseTest.java:48)
at com.webtest.core.BaseTest.doBeforeClass(BaseTest.java:79)
at java.base/jdk.internal.reflect.NativeMethodAccessorImpl.invoke0(Native Method)
at java.base/jdk.internal.reflect.NativeMethodAccessorImpl.invoke(NativeMethodAccessorImpl.java:62)
at java.base/jdk.internal.reflect.DelegatingMethodAccessorImpl.invoke(DelegatingMethodAccessorImpl.java:43)
at java.base/java.lang.reflect.Method.invoke(Method.java:564)
at org.testng.internal.MethodInvocationHelper.invokeMethod(MethodInvocationHelper.java:124)
at org.testng.internal.MethodInvocationHelper.invokeMethodConsideringTimeout(MethodInvocationHelper.java:59)
at org.testng.internal.Invoker.invokeConfigurationMethod(Invoker.java:458)
at org.testng.internal.Invoker.invokeConfigurations(Invoker.java:222)
at org.testng.internal.Invoker.invokeConfigurations(Invoker.java:142)
at org.testng.internal.TestMethodWorker.invokeBeforeClassMethods(TestMethodWorker.java:168)
at org.testng.internal.TestMethodWorker.run(TestMethodWorker.java:105)
at org.testng.TestRunner.privateRun(TestRunner.java:648)
at org.testng.TestRunner.run(TestRunner.java:505)
at org.testng.SuiteRunner.runTest(SuiteRunner.java:455)
at org.testng.SuiteRunner.runSequentially(SuiteRunner.java:450)
at org.testng.SuiteRunner.privateRun(SuiteRunner.java:415)
at org.testng.SuiteRunner.run(SuiteRunner.java:364)
at org.testng.SuiteRunnerWorker.runSuite(SuiteRunnerWorker.java:52)
at org.testng.SuiteRunnerWorker.run(SuiteRunnerWorker.java:84)
at org.testng.TestNG.runSuitesSequentially(TestNG.java:1208)
at org.testng.TestNG.runSuitesLocally(TestNG.java:1137)
at org.testng.TestNG.runSuites(TestNG.java:1049)
at org.testng.TestNG.run(TestNG.java:1017)
at org.testng.remote.AbstractRemoteTestNG.run(AbstractRemoteTestNG.java:115)
at org.testng.remote.RemoteTestNG.initAndRun(RemoteTestNG.java:251)
at org.testng.remote.RemoteTestNG.main(RemoteTestNG.java:77)
]]>
    </failure>
  </testcase> <!-- @BeforeClass doBeforeClass -->
  <testcase classname="com.webtest.core.BaseTest" name="@BeforeClass doBeforeClass" time="0.001">
    <failure type="java.lang.IllegalStateException" message="Specified firefox binary location does not exist or is not a real file: D:\ruanjian\firefox-latest.exe">
      <![CDATA[java.lang.IllegalStateException: Specified firefox binary location does not exist or is not a real file: D:\ruanjian\firefox-latest.exe
at com.google.common.base.Preconditions.checkState(Preconditions.java:504)
at org.openqa.selenium.firefox.Executable.<init>(Executable.java:43)
at org.openqa.selenium.firefox.FirefoxBinary.<init>(FirefoxBinary.java:123)
at org.openqa.selenium.firefox.FirefoxOptions$Binary.asBinary(FirefoxOptions.java:420)
at java.base/java.util.Optional.map(Optional.java:254)
at org.openqa.selenium.firefox.FirefoxOptions.getBinaryOrNull(FirefoxOptions.java:220)
at org.openqa.selenium.firefox.FirefoxOptions.getBinary(FirefoxOptions.java:216)
at org.openqa.selenium.firefox.FirefoxDriver.toExecutor(FirefoxDriver.java:187)
at org.openqa.selenium.firefox.FirefoxDriver.<init>(FirefoxDriver.java:147)
at org.openqa.selenium.firefox.FirefoxDriver.<init>(FirefoxDriver.java:125)
at com.webtest.core.BaseTest.newWebDriver(BaseTest.java:48)
at com.webtest.core.BaseTest.doBeforeClass(BaseTest.java:79)
at java.base/jdk.internal.reflect.NativeMethodAccessorImpl.invoke0(Native Method)
at java.base/jdk.internal.reflect.NativeMethodAccessorImpl.invoke(NativeMethodAccessorImpl.java:62)
at java.base/jdk.internal.reflect.DelegatingMethodAccessorImpl.invoke(DelegatingMethodAccessorImpl.java:43)
at java.base/java.lang.reflect.Method.invoke(Method.java:564)
at org.testng.internal.MethodInvocationHelper.invokeMethod(MethodInvocationHelper.java:124)
at org.testng.internal.MethodInvocationHelper.invokeMethodConsideringTimeout(MethodInvocationHelper.java:59)
at org.testng.internal.Invoker.invokeConfigurationMethod(Invoker.java:458)
at org.testng.internal.Invoker.invokeConfigurations(Invoker.java:222)
at org.testng.internal.Invoker.invokeConfigurations(Invoker.java:142)
at org.testng.internal.TestMethodWorker.invokeBeforeClassMethods(TestMethodWorker.java:168)
at org.testng.internal.TestMethodWorker.run(TestMethodWorker.java:105)
at org.testng.TestRunner.privateRun(TestRunner.java:648)
at org.testng.TestRunner.run(TestRunner.java:505)
at org.testng.SuiteRunner.runTest(SuiteRunner.java:455)
at org.testng.SuiteRunner.runSequentially(SuiteRunner.java:450)
at org.testng.SuiteRunner.privateRun(SuiteRunner.java:415)
at org.testng.SuiteRunner.run(SuiteRunner.java:364)
at org.testng.SuiteRunnerWorker.runSuite(SuiteRunnerWorker.java:52)
at org.testng.SuiteRunnerWorker.run(SuiteRunnerWorker.java:84)
at org.testng.TestNG.runSuitesSequentially(TestNG.java:1208)
at org.testng.TestNG.runSuitesLocally(TestNG.java:1137)
at org.testng.TestNG.runSuites(TestNG.java:1049)
at org.testng.TestNG.run(TestNG.java:1017)
at org.testng.remote.AbstractRemoteTestNG.run(AbstractRemoteTestNG.java:115)
at org.testng.remote.RemoteTestNG.initAndRun(RemoteTestNG.java:251)
at org.testng.remote.RemoteTestNG.main(RemoteTestNG.java:77)
]]>
    </failure>
  </testcase> <!-- @BeforeClass doBeforeClass -->
  <testcase classname="com.webtest.demo.Front_Login_Test" name="@BeforeMethod setup" time="0.0">
    <skipped/>
  </testcase> <!-- @BeforeMethod setup -->
  <testcase classname="com.webtest.core.BaseTest" name="@BeforeClass doBeforeClass" time="0.002">
    <failure type="java.lang.IllegalStateException" message="Specified firefox binary location does not exist or is not a real file: D:\ruanjian\firefox-latest.exe">
      <![CDATA[java.lang.IllegalStateException: Specified firefox binary location does not exist or is not a real file: D:\ruanjian\firefox-latest.exe
at com.google.common.base.Preconditions.checkState(Preconditions.java:504)
at org.openqa.selenium.firefox.Executable.<init>(Executable.java:43)
at org.openqa.selenium.firefox.FirefoxBinary.<init>(FirefoxBinary.java:123)
at org.openqa.selenium.firefox.FirefoxOptions$Binary.asBinary(FirefoxOptions.java:420)
at java.base/java.util.Optional.map(Optional.java:254)
at org.openqa.selenium.firefox.FirefoxOptions.getBinaryOrNull(FirefoxOptions.java:220)
at org.openqa.selenium.firefox.FirefoxOptions.getBinary(FirefoxOptions.java:216)
at org.openqa.selenium.firefox.FirefoxDriver.toExecutor(FirefoxDriver.java:187)
at org.openqa.selenium.firefox.FirefoxDriver.<init>(FirefoxDriver.java:147)
at org.openqa.selenium.firefox.FirefoxDriver.<init>(FirefoxDriver.java:125)
at com.webtest.core.BaseTest.newWebDriver(BaseTest.java:48)
at com.webtest.core.BaseTest.doBeforeClass(BaseTest.java:79)
at java.base/jdk.internal.reflect.NativeMethodAccessorImpl.invoke0(Native Method)
at java.base/jdk.internal.reflect.NativeMethodAccessorImpl.invoke(NativeMethodAccessorImpl.java:62)
at java.base/jdk.internal.reflect.DelegatingMethodAccessorImpl.invoke(DelegatingMethodAccessorImpl.java:43)
at java.base/java.lang.reflect.Method.invoke(Method.java:564)
at org.testng.internal.MethodInvocationHelper.invokeMethod(MethodInvocationHelper.java:124)
at org.testng.internal.MethodInvocationHelper.invokeMethodConsideringTimeout(MethodInvocationHelper.java:59)
at org.testng.internal.Invoker.invokeConfigurationMethod(Invoker.java:458)
at org.testng.internal.Invoker.invokeConfigurations(Invoker.java:222)
at org.testng.internal.Invoker.invokeConfigurations(Invoker.java:142)
at org.testng.internal.TestMethodWorker.invokeBeforeClassMethods(TestMethodWorker.java:168)
at org.testng.internal.TestMethodWorker.run(TestMethodWorker.java:105)
at org.testng.TestRunner.privateRun(TestRunner.java:648)
at org.testng.TestRunner.run(TestRunner.java:505)
at org.testng.SuiteRunner.runTest(SuiteRunner.java:455)
at org.testng.SuiteRunner.runSequentially(SuiteRunner.java:450)
at org.testng.SuiteRunner.privateRun(SuiteRunner.java:415)
at org.testng.SuiteRunner.run(SuiteRunner.java:364)
at org.testng.SuiteRunnerWorker.runSuite(SuiteRunnerWorker.java:52)
at org.testng.SuiteRunnerWorker.run(SuiteRunnerWorker.java:84)
at org.testng.TestNG.runSuitesSequentially(TestNG.java:1208)
at org.testng.TestNG.runSuitesLocally(TestNG.java:1137)
at org.testng.TestNG.runSuites(TestNG.java:1049)
at org.testng.TestNG.run(TestNG.java:1017)
at org.testng.remote.AbstractRemoteTestNG.run(AbstractRemoteTestNG.java:115)
at org.testng.remote.RemoteTestNG.initAndRun(RemoteTestNG.java:251)
at org.testng.remote.RemoteTestNG.main(RemoteTestNG.java:77)
]]>
    </failure>
  </testcase> <!-- @BeforeClass doBeforeClass -->
  <testcase classname="com.webtest.demo.Xueli" name="xueli" time="0.477">
    <failure type="java.lang.IllegalStateException" message="Specified firefox binary location does not exist or is not a real file: D:\Program Files\Mozilla Firefox\firefox.exe">
      <![CDATA[java.lang.IllegalStateException: Specified firefox binary location does not exist or is not a real file: D:\Program Files\Mozilla Firefox\firefox.exe
at com.google.common.base.Preconditions.checkState(Preconditions.java:504)
at org.openqa.selenium.firefox.Executable.<init>(Executable.java:43)
at org.openqa.selenium.firefox.FirefoxBinary.<init>(FirefoxBinary.java:123)
at org.openqa.selenium.firefox.FirefoxOptions$Binary.asBinary(FirefoxOptions.java:420)
at java.base/java.util.Optional.map(Optional.java:254)
at org.openqa.selenium.firefox.FirefoxOptions.getBinaryOrNull(FirefoxOptions.java:220)
at org.openqa.selenium.firefox.FirefoxOptions.getBinary(FirefoxOptions.java:216)
at org.openqa.selenium.firefox.FirefoxDriver.toExecutor(FirefoxDriver.java:187)
at org.openqa.selenium.firefox.FirefoxDriver.<init>(FirefoxDriver.java:147)
at org.openqa.selenium.firefox.FirefoxDriver.<init>(FirefoxDriver.java:125)
at com.webtest.demo.Xueli.xueli(Xueli.java:21)
at java.base/jdk.internal.reflect.NativeMethodAccessorImpl.invoke0(Native Method)
at java.base/jdk.internal.reflect.NativeMethodAccessorImpl.invoke(NativeMethodAccessorImpl.java:62)
at java.base/jdk.internal.reflect.DelegatingMethodAccessorImpl.invoke(DelegatingMethodAccessorImpl.java:43)
at java.base/java.lang.reflect.Method.invoke(Method.java:564)
at org.testng.internal.MethodInvocationHelper.invokeMethod(MethodInvocationHelper.java:124)
at org.testng.internal.Invoker.invokeMethod(Invoker.java:583)
at org.testng.internal.Invoker.invokeTestMethod(Invoker.java:719)
at org.testng.internal.Invoker.invokeTestMethods(Invoker.java:989)
at org.testng.internal.TestMethodWorker.invokeTestMethods(TestMethodWorker.java:125)
at org.testng.internal.TestMethodWorker.run(TestMethodWorker.java:109)
at org.testng.TestRunner.privateRun(TestRunner.java:648)
at org.testng.TestRunner.run(TestRunner.java:505)
at org.testng.SuiteRunner.runTest(SuiteRunner.java:455)
at org.testng.SuiteRunner.runSequentially(SuiteRunner.java:450)
at org.testng.SuiteRunner.privateRun(SuiteRunner.java:415)
at org.testng.SuiteRunner.run(SuiteRunner.java:364)
at org.testng.SuiteRunnerWorker.runSuite(SuiteRunnerWorker.java:52)
at org.testng.SuiteRunnerWorker.run(SuiteRunnerWorker.java:84)
at org.testng.TestNG.runSuitesSequentially(TestNG.java:1208)
at org.testng.TestNG.runSuitesLocally(TestNG.java:1137)
at org.testng.TestNG.runSuites(TestNG.java:1049)
at org.testng.TestNG.run(TestNG.java:1017)
at org.testng.remote.AbstractRemoteTestNG.run(AbstractRemoteTestNG.java:115)
at org.testng.remote.RemoteTestNG.initAndRun(RemoteTestNG.java:251)
at org.testng.remote.RemoteTestNG.main(RemoteTestNG.java:77)
]]>
    </failure>
  </testcase> <!-- xueli -->
  <testcase classname="com.webtest.demo.Admin_Login" name="testLogin" time="0.0">
    <skipped/>
  </testcase> <!-- testLogin -->
  <testcase classname="com.webtest.demo.Front_Login1" name="testLoginSuccess" time="0.0">
    <skipped/>
  </testcase> <!-- testLoginSuccess -->
  <testcase classname="com.webtest.dataprovider.NSDataProvider" name="getData" time="0.0">
    <skipped/>
  </testcase> <!-- getData -->
  <testcase classname="com.webtest.demo.Front_Login_Test" name="testLogin" time="0.0">
    <skipped/>
  </testcase> <!-- testLogin -->
  <testcase classname="movie.Login" name="login" time="0.0">
    <skipped/>
  </testcase> <!-- login -->
  <testcase classname="movie.Login" name="mod" time="0.0">
    <skipped/>
  </testcase> <!-- mod -->
  <testcase classname="movie.Login" name="pinglun" time="0.0">
    <skipped/>
  </testcase> <!-- pinglun -->
  <testcase classname="movie.Login" name="photo" time="0.0">
    <skipped/>
  </testcase> <!-- photo -->
</testsuite> <!-- Default test -->
